<?xml version="1.0" encoding="UTF-8"?>
<!-- Generated by org.testng.reporters.JUnitXMLReporter -->
<testsuite hostname="DESKTOP-AUJ9MEE" ignored="0" name="Default test" tests="3" failures="0" timestamp="14 Aug 2019 13:42:59 GMT" time="30.471" errors="0">
  <testcase name="EnquiryCreation" time="11.719" classname="guru99.gittest.AppTest"/>
  <testcase name="TrialCreation" time="10.537" classname="guru99.gittest.AppTest"/>
  <testcase name="MemberCreation" time="8.196" classname="guru99.gittest.AppTest"/>
</testsuite> <!-- Default test -->
