<?xml version="1.0" encoding="UTF-8"?>
<testng-results skipped="0" failed="0" ignored="0" total="1" passed="1">
  <reporter-output>
  </reporter-output>
  <suite name="Default suite" duration-ms="8922" started-at="2019-08-10T12:06:54Z" finished-at="2019-08-10T12:07:03Z">
    <groups>
    </groups>
    <test name="Default test" duration-ms="8922" started-at="2019-08-10T12:06:54Z" finished-at="2019-08-10T12:07:03Z">
      <class name="guru99.gittest.AppTest">
        <test-method status="PASS" signature="beforeTest()[pri:0, instance:guru99.gittest.AppTest@e874448]" name="beforeTest" is-config="true" duration-ms="6098" started-at="2019-08-10T12:06:54Z" finished-at="2019-08-10T12:07:01Z">
          <reporter-output>
          </reporter-output>
        </test-method> <!-- beforeTest -->
        <test-method status="PASS" signature="f()[pri:0, instance:guru99.gittest.AppTest@e874448]" name="f" duration-ms="2721" started-at="2019-08-10T12:07:01Z" finished-at="2019-08-10T12:07:03Z">
          <reporter-output>
          </reporter-output>
        </test-method> <!-- f -->
        <test-method status="PASS" signature="afterTest()[pri:0, instance:guru99.gittest.AppTest@e874448]" name="afterTest" is-config="true" duration-ms="84" started-at="2019-08-10T12:07:03Z" finished-at="2019-08-10T12:07:03Z">
          <reporter-output>
          </reporter-output>
        </test-method> <!-- afterTest -->
      </class> <!-- guru99.gittest.AppTest -->
    </test> <!-- Default test -->
  </suite> <!-- Default suite -->
</testng-results>
